warning: 'fileorganizer': found 1 file(s) which are unhandled; explicitly declare them as resources or exclude from the target
    /Users/shirishpothi/Downloads/File Organiser/FileOrganizer/build_log.txt
warning: 'fileorganizer': found 1 file(s) which are unhandled; explicitly declare them as resources or exclude from the target
    /Users/shirishpothi/Downloads/File Organiser/FileOrganizer/build_log.txt
Building for debugging...
[0/12] /Users/shirishpothi/Downloads/File runner.swift
[1/12] Write sources
[5/12] Write FileOrganizerApp-entitlement.plist
[6/12] Write swift-version--58304C5D6DBC2206.txt
[8/59] Emitting module FileOrganizerLib
[9/65] Compiling FileOrganizerLib ExtensionCommunication.swift
[10/65] Compiling FileOrganizerLib AIConfig.swift
[11/65] Compiling FileOrganizerLib ExclusionRule.swift
[12/65] Compiling FileOrganizerLib FileItem.swift
[13/65] Compiling FileOrganizerLib FolderSuggestion.swift
[14/65] Compiling FileOrganizerLib OrganizationHistory.swift
[15/65] Compiling FileOrganizerLib OrganizationPersona.swift
[16/65] Compiling FileOrganizerLib FileDropDelegate.swift
/Users/shirishpothi/Downloads/File Organiser/FileOrganizer/Views/MenuBarDropZone.swift:107:17: error: initialization of immutable value 'contextPrompt' was never used; consider replacing with assignment to '_' or removing it [#no-usage]
105 |             // For quick mode, we'll use a simplified approach
106 |             // Analyze just this one file with context
107 |             let contextPrompt = """
    |                 `- error: initialization of immutable value 'contextPrompt' was never used; consider replacing with assignment to '_' or removing it [#no-usage]
108 |             Quick organize this single file. Existing folders: \(existingFolders.joined(separator: ", ")).
109 |             Choose the best existing folder OR suggest a new folder name.
[17/65] Compiling FileOrganizerLib HistoryView.swift
/Users/shirishpothi/Downloads/File Organiser/FileOrganizer/Views/MenuBarDropZone.swift:107:17: error: initialization of immutable value 'contextPrompt' was never used; consider replacing with assignment to '_' or removing it [#no-usage]
105 |             // For quick mode, we'll use a simplified approach
106 |             // Analyze just this one file with context
107 |             let contextPrompt = """
    |                 `- error: initialization of immutable value 'contextPrompt' was never used; consider replacing with assignment to '_' or removing it [#no-usage]
108 |             Quick organize this single file. Existing folders: \(existingFolders.joined(separator: ", ")).
109 |             Choose the best existing folder OR suggest a new folder name.
[18/65] Compiling FileOrganizerLib LiquidDropdown.swift
/Users/shirishpothi/Downloads/File Organiser/FileOrganizer/Views/MenuBarDropZone.swift:107:17: error: initialization of immutable value 'contextPrompt' was never used; consider replacing with assignment to '_' or removing it [#no-usage]
105 |             // For quick mode, we'll use a simplified approach
106 |             // Analyze just this one file with context
107 |             let contextPrompt = """
    |                 `- error: initialization of immutable value 'contextPrompt' was never used; consider replacing with assignment to '_' or removing it [#no-usage]
108 |             Quick organize this single file. Existing folders: \(existingFolders.joined(separator: ", ")).
109 |             Choose the best existing folder OR suggest a new folder name.
[19/65] Compiling FileOrganizerLib MenuBarDropZone.swift
/Users/shirishpothi/Downloads/File Organiser/FileOrganizer/Views/MenuBarDropZone.swift:107:17: error: initialization of immutable value 'contextPrompt' was never used; consider replacing with assignment to '_' or removing it [#no-usage]
105 |             // For quick mode, we'll use a simplified approach
106 |             // Analyze just this one file with context
107 |             let contextPrompt = """
    |                 `- error: initialization of immutable value 'contextPrompt' was never used; consider replacing with assignment to '_' or removing it [#no-usage]
108 |             Quick organize this single file. Existing folders: \(existingFolders.joined(separator: ", ")).
109 |             Choose the best existing folder OR suggest a new folder name.
[20/65] Compiling FileOrganizerLib OrganizationResultView.swift
/Users/shirishpothi/Downloads/File Organiser/FileOrganizer/Views/MenuBarDropZone.swift:107:17: error: initialization of immutable value 'contextPrompt' was never used; consider replacing with assignment to '_' or removing it [#no-usage]
105 |             // For quick mode, we'll use a simplified approach
106 |             // Analyze just this one file with context
107 |             let contextPrompt = """
    |                 `- error: initialization of immutable value 'contextPrompt' was never used; consider replacing with assignment to '_' or removing it [#no-usage]
108 |             Quick organize this single file. Existing folders: \(existingFolders.joined(separator: ", ")).
109 |             Choose the best existing folder OR suggest a new folder name.
[21/65] Compiling FileOrganizerLib OrganizeView.swift
/Users/shirishpothi/Downloads/File Organiser/FileOrganizer/Views/MenuBarDropZone.swift:107:17: error: initialization of immutable value 'contextPrompt' was never used; consider replacing with assignment to '_' or removing it [#no-usage]
105 |             // For quick mode, we'll use a simplified approach
106 |             // Analyze just this one file with context
107 |             let contextPrompt = """
    |                 `- error: initialization of immutable value 'contextPrompt' was never used; consider replacing with assignment to '_' or removing it [#no-usage]
108 |             Quick organize this single file. Existing folders: \(existingFolders.joined(separator: ", ")).
109 |             Choose the best existing folder OR suggest a new folder name.
[22/65] Compiling FileOrganizerLib OrganizationPlan.swift
/Users/shirishpothi/Downloads/File Organiser/FileOrganizer/Models/WorkspaceHealth.swift:431:17: error: initialization of immutable value 'totalSize' was never used; consider replacing with assignment to '_' or removing it [#no-usage]
429 |         let screenshots = files.filter { isScreenshot($0) }
430 |         if screenshots.count >= 10 {
431 |             let totalSize = screenshots.reduce(0) { $0 + $1.size }
    |                 `- error: initialization of immutable value 'totalSize' was never used; consider replacing with assignment to '_' or removing it [#no-usage]
432 |             opportunities.append(CleanupOpportunity(
433 |                 type: .screenshotClutter,

/Users/shirishpothi/Downloads/File Organiser/FileOrganizer/Organizer/FolderOrganizer.swift:262:13: error: no 'async' operations occur within 'await' expression
260 |             currentDirectory = directory
261 | 
262 |             await updateState(.scanning, stage: "Scanning directory...", progress: 0.05)
    |             `- error: no 'async' operations occur within 'await' expression
263 | 
264 |             // Check cancellation frequently

/Users/shirishpothi/Downloads/File Organiser/FileOrganizer/Organizer/FolderOrganizer.swift:269:13: error: no 'async' operations occur within 'await' expression
267 |             var files = try await scanner.scanDirectory(at: directory)
268 | 
269 |             await updateProgress(0.15, stage: "Found \(files.count) files")
    |             `- error: no 'async' operations occur within 'await' expression
270 | 
271 |             try checkCancellation()

/Users/shirishpothi/Downloads/File Organiser/FileOrganizer/Organizer/FolderOrganizer.swift:275:17: error: no 'async' operations occur within 'await' expression
273 |             if let exclusionRules = exclusionRules {
274 |                 files = exclusionRules.filterFiles(files)
275 |                 await updateProgress(0.20, stage: "Filtered to \(files.count) files")
    |                 `- error: no 'async' operations occur within 'await' expression
276 |             }
277 | 

/Users/shirishpothi/Downloads/File Organiser/FileOrganizer/Organizer/FolderOrganizer.swift:280:13: error: no 'async' operations occur within 'await' expression
278 |             try checkCancellation()
279 | 
280 |             await updateState(.organizing, stage: "Organizing with AI...", progress: 0.25)
    |             `- error: no 'async' operations occur within 'await' expression
281 |             await MainActor.run {
282 |                 isStreaming = true

/Users/shirishpothi/Downloads/File Organiser/FileOrganizer/Organizer/FolderOrganizer.swift:298:13: error: no 'async' operations occur within 'await' expression
296 |             stopTimeoutTimer()
297 | 
298 |             await updateState(.organizing, stage: "Validating plan...", progress: 0.85)
    |             `- error: no 'async' operations occur within 'await' expression
299 |             await MainActor.run {
300 |                 isStreaming = false

/Users/shirishpothi/Downloads/File Organiser/FileOrganizer/Organizer/FolderOrganizer.swift:307:13: error: no 'async' operations occur within 'await' expression
305 |             try checkCancellation()
306 | 
307 |             await updateState(.ready, stage: "Ready!", progress: 1.0)
    |             `- error: no 'async' operations occur within 'await' expression
308 |             await MainActor.run {
309 |                 currentPlan = plan

/Users/shirishpothi/Downloads/File Organiser/FileOrganizer/Organizer/FolderOrganizer.swift:314:13: error: no 'async' operations occur within 'await' expression
312 |         } catch is CancellationError {
313 |             stopTimeoutTimer()
314 |             await resetToIdle()
    |             `- error: no 'async' operations occur within 'await' expression
315 |             throw CancellationError()
316 |         } catch let error as OrganizationError where error == .cancelled {

/Users/shirishpothi/Downloads/File Organiser/FileOrganizer/Organizer/FolderOrganizer.swift:318:13: error: no 'async' operations occur within 'await' expression
316 |         } catch let error as OrganizationError where error == .cancelled {
317 |             stopTimeoutTimer()
318 |             await resetToIdle()
    |             `- error: no 'async' operations occur within 'await' expression
319 |             throw CancellationError()
320 |         } catch {

/Users/shirishpothi/Downloads/File Organiser/FileOrganizer/Organizer/FolderOrganizer.swift:421:13: error: no 'async' operations occur within 'await' expression
419 |             try await currentTask?.value
420 |         } catch is CancellationError {
421 |             await resetToIdle()
    |             `- error: no 'async' operations occur within 'await' expression
422 |         }
423 |     }
[23/65] Compiling FileOrganizerLib WatchedFolder.swift
/Users/shirishpothi/Downloads/File Organiser/FileOrganizer/Models/WorkspaceHealth.swift:431:17: error: initialization of immutable value 'totalSize' was never used; consider replacing with assignment to '_' or removing it [#no-usage]
429 |         let screenshots = files.filter { isScreenshot($0) }
430 |         if screenshots.count >= 10 {
431 |             let totalSize = screenshots.reduce(0) { $0 + $1.size }
    |                 `- error: initialization of immutable value 'totalSize' was never used; consider replacing with assignment to '_' or removing it [#no-usage]
432 |             opportunities.append(CleanupOpportunity(
433 |                 type: .screenshotClutter,

/Users/shirishpothi/Downloads/File Organiser/FileOrganizer/Organizer/FolderOrganizer.swift:262:13: error: no 'async' operations occur within 'await' expression
260 |             currentDirectory = directory
261 | 
262 |             await updateState(.scanning, stage: "Scanning directory...", progress: 0.05)
    |             `- error: no 'async' operations occur within 'await' expression
263 | 
264 |             // Check cancellation frequently

/Users/shirishpothi/Downloads/File Organiser/FileOrganizer/Organizer/FolderOrganizer.swift:269:13: error: no 'async' operations occur within 'await' expression
267 |             var files = try await scanner.scanDirectory(at: directory)
268 | 
269 |             await updateProgress(0.15, stage: "Found \(files.count) files")
    |             `- error: no 'async' operations occur within 'await' expression
270 | 
271 |             try checkCancellation()

/Users/shirishpothi/Downloads/File Organiser/FileOrganizer/Organizer/FolderOrganizer.swift:275:17: error: no 'async' operations occur within 'await' expression
273 |             if let exclusionRules = exclusionRules {
274 |                 files = exclusionRules.filterFiles(files)
275 |                 await updateProgress(0.20, stage: "Filtered to \(files.count) files")
    |                 `- error: no 'async' operations occur within 'await' expression
276 |             }
277 | 

/Users/shirishpothi/Downloads/File Organiser/FileOrganizer/Organizer/FolderOrganizer.swift:280:13: error: no 'async' operations occur within 'await' expression
278 |             try checkCancellation()
279 | 
280 |             await updateState(.organizing, stage: "Organizing with AI...", progress: 0.25)
    |             `- error: no 'async' operations occur within 'await' expression
281 |             await MainActor.run {
282 |                 isStreaming = true

/Users/shirishpothi/Downloads/File Organiser/FileOrganizer/Organizer/FolderOrganizer.swift:298:13: error: no 'async' operations occur within 'await' expression
296 |             stopTimeoutTimer()
297 | 
298 |             await updateState(.organizing, stage: "Validating plan...", progress: 0.85)
    |             `- error: no 'async' operations occur within 'await' expression
299 |             await MainActor.run {
300 |                 isStreaming = false

/Users/shirishpothi/Downloads/File Organiser/FileOrganizer/Organizer/FolderOrganizer.swift:307:13: error: no 'async' operations occur within 'await' expression
305 |             try checkCancellation()
306 | 
307 |             await updateState(.ready, stage: "Ready!", progress: 1.0)
    |             `- error: no 'async' operations occur within 'await' expression
308 |             await MainActor.run {
309 |                 currentPlan = plan

/Users/shirishpothi/Downloads/File Organiser/FileOrganizer/Organizer/FolderOrganizer.swift:314:13: error: no 'async' operations occur within 'await' expression
312 |         } catch is CancellationError {
313 |             stopTimeoutTimer()
314 |             await resetToIdle()
    |             `- error: no 'async' operations occur within 'await' expression
315 |             throw CancellationError()
316 |         } catch let error as OrganizationError where error == .cancelled {

/Users/shirishpothi/Downloads/File Organiser/FileOrganizer/Organizer/FolderOrganizer.swift:318:13: error: no 'async' operations occur within 'await' expression
316 |         } catch let error as OrganizationError where error == .cancelled {
317 |             stopTimeoutTimer()
318 |             await resetToIdle()
    |             `- error: no 'async' operations occur within 'await' expression
319 |             throw CancellationError()
320 |         } catch {

/Users/shirishpothi/Downloads/File Organiser/FileOrganizer/Organizer/FolderOrganizer.swift:421:13: error: no 'async' operations occur within 'await' expression
419 |             try await currentTask?.value
420 |         } catch is CancellationError {
421 |             await resetToIdle()
    |             `- error: no 'async' operations occur within 'await' expression
422 |         }
423 |     }
[24/65] Compiling FileOrganizerLib WorkspaceHealth.swift
/Users/shirishpothi/Downloads/File Organiser/FileOrganizer/Models/WorkspaceHealth.swift:431:17: error: initialization of immutable value 'totalSize' was never used; consider replacing with assignment to '_' or removing it [#no-usage]
429 |         let screenshots = files.filter { isScreenshot($0) }
430 |         if screenshots.count >= 10 {
431 |             let totalSize = screenshots.reduce(0) { $0 + $1.size }
    |                 `- error: initialization of immutable value 'totalSize' was never used; consider replacing with assignment to '_' or removing it [#no-usage]
432 |             opportunities.append(CleanupOpportunity(
433 |                 type: .screenshotClutter,

/Users/shirishpothi/Downloads/File Organiser/FileOrganizer/Organizer/FolderOrganizer.swift:262:13: error: no 'async' operations occur within 'await' expression
260 |             currentDirectory = directory
261 | 
262 |             await updateState(.scanning, stage: "Scanning directory...", progress: 0.05)
    |             `- error: no 'async' operations occur within 'await' expression
263 | 
264 |             // Check cancellation frequently

/Users/shirishpothi/Downloads/File Organiser/FileOrganizer/Organizer/FolderOrganizer.swift:269:13: error: no 'async' operations occur within 'await' expression
267 |             var files = try await scanner.scanDirectory(at: directory)
268 | 
269 |             await updateProgress(0.15, stage: "Found \(files.count) files")
    |             `- error: no 'async' operations occur within 'await' expression
270 | 
271 |             try checkCancellation()

/Users/shirishpothi/Downloads/File Organiser/FileOrganizer/Organizer/FolderOrganizer.swift:275:17: error: no 'async' operations occur within 'await' expression
273 |             if let exclusionRules = exclusionRules {
274 |                 files = exclusionRules.filterFiles(files)
275 |                 await updateProgress(0.20, stage: "Filtered to \(files.count) files")
    |                 `- error: no 'async' operations occur within 'await' expression
276 |             }
277 | 

/Users/shirishpothi/Downloads/File Organiser/FileOrganizer/Organizer/FolderOrganizer.swift:280:13: error: no 'async' operations occur within 'await' expression
278 |             try checkCancellation()
279 | 
280 |             await updateState(.organizing, stage: "Organizing with AI...", progress: 0.25)
    |             `- error: no 'async' operations occur within 'await' expression
281 |             await MainActor.run {
282 |                 isStreaming = true

/Users/shirishpothi/Downloads/File Organiser/FileOrganizer/Organizer/FolderOrganizer.swift:298:13: error: no 'async' operations occur within 'await' expression
296 |             stopTimeoutTimer()
297 | 
298 |             await updateState(.organizing, stage: "Validating plan...", progress: 0.85)
    |             `- error: no 'async' operations occur within 'await' expression
299 |             await MainActor.run {
300 |                 isStreaming = false

/Users/shirishpothi/Downloads/File Organiser/FileOrganizer/Organizer/FolderOrganizer.swift:307:13: error: no 'async' operations occur within 'await' expression
305 |             try checkCancellation()
306 | 
307 |             await updateState(.ready, stage: "Ready!", progress: 1.0)
    |             `- error: no 'async' operations occur within 'await' expression
308 |             await MainActor.run {
309 |                 currentPlan = plan

/Users/shirishpothi/Downloads/File Organiser/FileOrganizer/Organizer/FolderOrganizer.swift:314:13: error: no 'async' operations occur within 'await' expression
312 |         } catch is CancellationError {
313 |             stopTimeoutTimer()
314 |             await resetToIdle()
    |             `- error: no 'async' operations occur within 'await' expression
315 |             throw CancellationError()
316 |         } catch let error as OrganizationError where error == .cancelled {

/Users/shirishpothi/Downloads/File Organiser/FileOrganizer/Organizer/FolderOrganizer.swift:318:13: error: no 'async' operations occur within 'await' expression
316 |         } catch let error as OrganizationError where error == .cancelled {
317 |             stopTimeoutTimer()
318 |             await resetToIdle()
    |             `- error: no 'async' operations occur within 'await' expression
319 |             throw CancellationError()
320 |         } catch {

/Users/shirishpothi/Downloads/File Organiser/FileOrganizer/Organizer/FolderOrganizer.swift:421:13: error: no 'async' operations occur within 'await' expression
419 |             try await currentTask?.value
420 |         } catch is CancellationError {
421 |             await resetToIdle()
    |             `- error: no 'async' operations occur within 'await' expression
422 |         }
423 |     }
[25/65] Compiling FileOrganizerLib FileOrganizationValidator.swift
/Users/shirishpothi/Downloads/File Organiser/FileOrganizer/Models/WorkspaceHealth.swift:431:17: error: initialization of immutable value 'totalSize' was never used; consider replacing with assignment to '_' or removing it [#no-usage]
429 |         let screenshots = files.filter { isScreenshot($0) }
430 |         if screenshots.count >= 10 {
431 |             let totalSize = screenshots.reduce(0) { $0 + $1.size }
    |                 `- error: initialization of immutable value 'totalSize' was never used; consider replacing with assignment to '_' or removing it [#no-usage]
432 |             opportunities.append(CleanupOpportunity(
433 |                 type: .screenshotClutter,

/Users/shirishpothi/Downloads/File Organiser/FileOrganizer/Organizer/FolderOrganizer.swift:262:13: error: no 'async' operations occur within 'await' expression
260 |             currentDirectory = directory
261 | 
262 |             await updateState(.scanning, stage: "Scanning directory...", progress: 0.05)
    |             `- error: no 'async' operations occur within 'await' expression
263 | 
264 |             // Check cancellation frequently

/Users/shirishpothi/Downloads/File Organiser/FileOrganizer/Organizer/FolderOrganizer.swift:269:13: error: no 'async' operations occur within 'await' expression
267 |             var files = try await scanner.scanDirectory(at: directory)
268 | 
269 |             await updateProgress(0.15, stage: "Found \(files.count) files")
    |             `- error: no 'async' operations occur within 'await' expression
270 | 
271 |             try checkCancellation()

/Users/shirishpothi/Downloads/File Organiser/FileOrganizer/Organizer/FolderOrganizer.swift:275:17: error: no 'async' operations occur within 'await' expression
273 |             if let exclusionRules = exclusionRules {
274 |                 files = exclusionRules.filterFiles(files)
275 |                 await updateProgress(0.20, stage: "Filtered to \(files.count) files")
    |                 `- error: no 'async' operations occur within 'await' expression
276 |             }
277 | 

/Users/shirishpothi/Downloads/File Organiser/FileOrganizer/Organizer/FolderOrganizer.swift:280:13: error: no 'async' operations occur within 'await' expression
278 |             try checkCancellation()
279 | 
280 |             await updateState(.organizing, stage: "Organizing with AI...", progress: 0.25)
    |             `- error: no 'async' operations occur within 'await' expression
281 |             await MainActor.run {
282 |                 isStreaming = true

/Users/shirishpothi/Downloads/File Organiser/FileOrganizer/Organizer/FolderOrganizer.swift:298:13: error: no 'async' operations occur within 'await' expression
296 |             stopTimeoutTimer()
297 | 
298 |             await updateState(.organizing, stage: "Validating plan...", progress: 0.85)
    |             `- error: no 'async' operations occur within 'await' expression
299 |             await MainActor.run {
300 |                 isStreaming = false

/Users/shirishpothi/Downloads/File Organiser/FileOrganizer/Organizer/FolderOrganizer.swift:307:13: error: no 'async' operations occur within 'await' expression
305 |             try checkCancellation()
306 | 
307 |             await updateState(.ready, stage: "Ready!", progress: 1.0)
    |             `- error: no 'async' operations occur within 'await' expression
308 |             await MainActor.run {
309 |                 currentPlan = plan

/Users/shirishpothi/Downloads/File Organiser/FileOrganizer/Organizer/FolderOrganizer.swift:314:13: error: no 'async' operations occur within 'await' expression
312 |         } catch is CancellationError {
313 |             stopTimeoutTimer()
314 |             await resetToIdle()
    |             `- error: no 'async' operations occur within 'await' expression
315 |             throw CancellationError()
316 |         } catch let error as OrganizationError where error == .cancelled {

/Users/shirishpothi/Downloads/File Organiser/FileOrganizer/Organizer/FolderOrganizer.swift:318:13: error: no 'async' operations occur within 'await' expression
316 |         } catch let error as OrganizationError where error == .cancelled {
317 |             stopTimeoutTimer()
318 |             await resetToIdle()
    |             `- error: no 'async' operations occur within 'await' expression
319 |             throw CancellationError()
320 |         } catch {

/Users/shirishpothi/Downloads/File Organiser/FileOrganizer/Organizer/FolderOrganizer.swift:421:13: error: no 'async' operations occur within 'await' expression
419 |             try await currentTask?.value
420 |         } catch is CancellationError {
421 |             await resetToIdle()
    |             `- error: no 'async' operations occur within 'await' expression
422 |         }
423 |     }
[26/65] Compiling FileOrganizerLib FolderOrganizer.swift
/Users/shirishpothi/Downloads/File Organiser/FileOrganizer/Models/WorkspaceHealth.swift:431:17: error: initialization of immutable value 'totalSize' was never used; consider replacing with assignment to '_' or removing it [#no-usage]
429 |         let screenshots = files.filter { isScreenshot($0) }
430 |         if screenshots.count >= 10 {
431 |             let totalSize = screenshots.reduce(0) { $0 + $1.size }
    |                 `- error: initialization of immutable value 'totalSize' was never used; consider replacing with assignment to '_' or removing it [#no-usage]
432 |             opportunities.append(CleanupOpportunity(
433 |                 type: .screenshotClutter,

/Users/shirishpothi/Downloads/File Organiser/FileOrganizer/Organizer/FolderOrganizer.swift:262:13: error: no 'async' operations occur within 'await' expression
260 |             currentDirectory = directory
261 | 
262 |             await updateState(.scanning, stage: "Scanning directory...", progress: 0.05)
    |             `- error: no 'async' operations occur within 'await' expression
263 | 
264 |             // Check cancellation frequently

/Users/shirishpothi/Downloads/File Organiser/FileOrganizer/Organizer/FolderOrganizer.swift:269:13: error: no 'async' operations occur within 'await' expression
267 |             var files = try await scanner.scanDirectory(at: directory)
268 | 
269 |             await updateProgress(0.15, stage: "Found \(files.count) files")
    |             `- error: no 'async' operations occur within 'await' expression
270 | 
271 |             try checkCancellation()

/Users/shirishpothi/Downloads/File Organiser/FileOrganizer/Organizer/FolderOrganizer.swift:275:17: error: no 'async' operations occur within 'await' expression
273 |             if let exclusionRules = exclusionRules {
274 |                 files = exclusionRules.filterFiles(files)
275 |                 await updateProgress(0.20, stage: "Filtered to \(files.count) files")
    |                 `- error: no 'async' operations occur within 'await' expression
276 |             }
277 | 

/Users/shirishpothi/Downloads/File Organiser/FileOrganizer/Organizer/FolderOrganizer.swift:280:13: error: no 'async' operations occur within 'await' expression
278 |             try checkCancellation()
279 | 
280 |             await updateState(.organizing, stage: "Organizing with AI...", progress: 0.25)
    |             `- error: no 'async' operations occur within 'await' expression
281 |             await MainActor.run {
282 |                 isStreaming = true

/Users/shirishpothi/Downloads/File Organiser/FileOrganizer/Organizer/FolderOrganizer.swift:298:13: error: no 'async' operations occur within 'await' expression
296 |             stopTimeoutTimer()
297 | 
298 |             await updateState(.organizing, stage: "Validating plan...", progress: 0.85)
    |             `- error: no 'async' operations occur within 'await' expression
299 |             await MainActor.run {
300 |                 isStreaming = false

/Users/shirishpothi/Downloads/File Organiser/FileOrganizer/Organizer/FolderOrganizer.swift:307:13: error: no 'async' operations occur within 'await' expression
305 |             try checkCancellation()
306 | 
307 |             await updateState(.ready, stage: "Ready!", progress: 1.0)
    |             `- error: no 'async' operations occur within 'await' expression
308 |             await MainActor.run {
309 |                 currentPlan = plan

/Users/shirishpothi/Downloads/File Organiser/FileOrganizer/Organizer/FolderOrganizer.swift:314:13: error: no 'async' operations occur within 'await' expression
312 |         } catch is CancellationError {
313 |             stopTimeoutTimer()
314 |             await resetToIdle()
    |             `- error: no 'async' operations occur within 'await' expression
315 |             throw CancellationError()
316 |         } catch let error as OrganizationError where error == .cancelled {

/Users/shirishpothi/Downloads/File Organiser/FileOrganizer/Organizer/FolderOrganizer.swift:318:13: error: no 'async' operations occur within 'await' expression
316 |         } catch let error as OrganizationError where error == .cancelled {
317 |             stopTimeoutTimer()
318 |             await resetToIdle()
    |             `- error: no 'async' operations occur within 'await' expression
319 |             throw CancellationError()
320 |         } catch {

/Users/shirishpothi/Downloads/File Organiser/FileOrganizer/Organizer/FolderOrganizer.swift:421:13: error: no 'async' operations occur within 'await' expression
419 |             try await currentTask?.value
420 |         } catch is CancellationError {
421 |             await resetToIdle()
    |             `- error: no 'async' operations occur within 'await' expression
422 |         }
423 |     }
[27/65] Compiling FileOrganizerLib PreviewManager.swift
/Users/shirishpothi/Downloads/File Organiser/FileOrganizer/Models/WorkspaceHealth.swift:431:17: error: initialization of immutable value 'totalSize' was never used; consider replacing with assignment to '_' or removing it [#no-usage]
429 |         let screenshots = files.filter { isScreenshot($0) }
430 |         if screenshots.count >= 10 {
431 |             let totalSize = screenshots.reduce(0) { $0 + $1.size }
    |                 `- error: initialization of immutable value 'totalSize' was never used; consider replacing with assignment to '_' or removing it [#no-usage]
432 |             opportunities.append(CleanupOpportunity(
433 |                 type: .screenshotClutter,

/Users/shirishpothi/Downloads/File Organiser/FileOrganizer/Organizer/FolderOrganizer.swift:262:13: error: no 'async' operations occur within 'await' expression
260 |             currentDirectory = directory
261 | 
262 |             await updateState(.scanning, stage: "Scanning directory...", progress: 0.05)
    |             `- error: no 'async' operations occur within 'await' expression
263 | 
264 |             // Check cancellation frequently

/Users/shirishpothi/Downloads/File Organiser/FileOrganizer/Organizer/FolderOrganizer.swift:269:13: error: no 'async' operations occur within 'await' expression
267 |             var files = try await scanner.scanDirectory(at: directory)
268 | 
269 |             await updateProgress(0.15, stage: "Found \(files.count) files")
    |             `- error: no 'async' operations occur within 'await' expression
270 | 
271 |             try checkCancellation()

/Users/shirishpothi/Downloads/File Organiser/FileOrganizer/Organizer/FolderOrganizer.swift:275:17: error: no 'async' operations occur within 'await' expression
273 |             if let exclusionRules = exclusionRules {
274 |                 files = exclusionRules.filterFiles(files)
275 |                 await updateProgress(0.20, stage: "Filtered to \(files.count) files")
    |                 `- error: no 'async' operations occur within 'await' expression
276 |             }
277 | 

/Users/shirishpothi/Downloads/File Organiser/FileOrganizer/Organizer/FolderOrganizer.swift:280:13: error: no 'async' operations occur within 'await' expression
278 |             try checkCancellation()
279 | 
280 |             await updateState(.organizing, stage: "Organizing with AI...", progress: 0.25)
    |             `- error: no 'async' operations occur within 'await' expression
281 |             await MainActor.run {
282 |                 isStreaming = true

/Users/shirishpothi/Downloads/File Organiser/FileOrganizer/Organizer/FolderOrganizer.swift:298:13: error: no 'async' operations occur within 'await' expression
296 |             stopTimeoutTimer()
297 | 
298 |             await updateState(.organizing, stage: "Validating plan...", progress: 0.85)
    |             `- error: no 'async' operations occur within 'await' expression
299 |             await MainActor.run {
300 |                 isStreaming = false

/Users/shirishpothi/Downloads/File Organiser/FileOrganizer/Organizer/FolderOrganizer.swift:307:13: error: no 'async' operations occur within 'await' expression
305 |             try checkCancellation()
306 | 
307 |             await updateState(.ready, stage: "Ready!", progress: 1.0)
    |             `- error: no 'async' operations occur within 'await' expression
308 |             await MainActor.run {
309 |                 currentPlan = plan

/Users/shirishpothi/Downloads/File Organiser/FileOrganizer/Organizer/FolderOrganizer.swift:314:13: error: no 'async' operations occur within 'await' expression
312 |         } catch is CancellationError {
313 |             stopTimeoutTimer()
314 |             await resetToIdle()
    |             `- error: no 'async' operations occur within 'await' expression
315 |             throw CancellationError()
316 |         } catch let error as OrganizationError where error == .cancelled {

/Users/shirishpothi/Downloads/File Organiser/FileOrganizer/Organizer/FolderOrganizer.swift:318:13: error: no 'async' operations occur within 'await' expression
316 |         } catch let error as OrganizationError where error == .cancelled {
317 |             stopTimeoutTimer()
318 |             await resetToIdle()
    |             `- error: no 'async' operations occur within 'await' expression
319 |             throw CancellationError()
320 |         } catch {

/Users/shirishpothi/Downloads/File Organiser/FileOrganizer/Organizer/FolderOrganizer.swift:421:13: error: no 'async' operations occur within 'await' expression
419 |             try await currentTask?.value
420 |         } catch is CancellationError {
421 |             await resetToIdle()
    |             `- error: no 'async' operations occur within 'await' expression
422 |         }
423 |     }
[28/65] Compiling FileOrganizerLib Constants.swift
/Users/shirishpothi/Downloads/File Organiser/FileOrganizer/Models/WorkspaceHealth.swift:431:17: error: initialization of immutable value 'totalSize' was never used; consider replacing with assignment to '_' or removing it [#no-usage]
429 |         let screenshots = files.filter { isScreenshot($0) }
430 |         if screenshots.count >= 10 {
431 |             let totalSize = screenshots.reduce(0) { $0 + $1.size }
    |                 `- error: initialization of immutable value 'totalSize' was never used; consider replacing with assignment to '_' or removing it [#no-usage]
432 |             opportunities.append(CleanupOpportunity(
433 |                 type: .screenshotClutter,

/Users/shirishpothi/Downloads/File Organiser/FileOrganizer/Organizer/FolderOrganizer.swift:262:13: error: no 'async' operations occur within 'await' expression
260 |             currentDirectory = directory
261 | 
262 |             await updateState(.scanning, stage: "Scanning directory...", progress: 0.05)
    |             `- error: no 'async' operations occur within 'await' expression
263 | 
264 |             // Check cancellation frequently

/Users/shirishpothi/Downloads/File Organiser/FileOrganizer/Organizer/FolderOrganizer.swift:269:13: error: no 'async' operations occur within 'await' expression
267 |             var files = try await scanner.scanDirectory(at: directory)
268 | 
269 |             await updateProgress(0.15, stage: "Found \(files.count) files")
    |             `- error: no 'async' operations occur within 'await' expression
270 | 
271 |             try checkCancellation()

/Users/shirishpothi/Downloads/File Organiser/FileOrganizer/Organizer/FolderOrganizer.swift:275:17: error: no 'async' operations occur within 'await' expression
273 |             if let exclusionRules = exclusionRules {
274 |                 files = exclusionRules.filterFiles(files)
275 |                 await updateProgress(0.20, stage: "Filtered to \(files.count) files")
    |                 `- error: no 'async' operations occur within 'await' expression
276 |             }
277 | 

/Users/shirishpothi/Downloads/File Organiser/FileOrganizer/Organizer/FolderOrganizer.swift:280:13: error: no 'async' operations occur within 'await' expression
278 |             try checkCancellation()
279 | 
280 |             await updateState(.organizing, stage: "Organizing with AI...", progress: 0.25)
    |             `- error: no 'async' operations occur within 'await' expression
281 |             await MainActor.run {
282 |                 isStreaming = true

/Users/shirishpothi/Downloads/File Organiser/FileOrganizer/Organizer/FolderOrganizer.swift:298:13: error: no 'async' operations occur within 'await' expression
296 |             stopTimeoutTimer()
297 | 
298 |             await updateState(.organizing, stage: "Validating plan...", progress: 0.85)
    |             `- error: no 'async' operations occur within 'await' expression
299 |             await MainActor.run {
300 |                 isStreaming = false

/Users/shirishpothi/Downloads/File Organiser/FileOrganizer/Organizer/FolderOrganizer.swift:307:13: error: no 'async' operations occur within 'await' expression
305 |             try checkCancellation()
306 | 
307 |             await updateState(.ready, stage: "Ready!", progress: 1.0)
    |             `- error: no 'async' operations occur within 'await' expression
308 |             await MainActor.run {
309 |                 currentPlan = plan

/Users/shirishpothi/Downloads/File Organiser/FileOrganizer/Organizer/FolderOrganizer.swift:314:13: error: no 'async' operations occur within 'await' expression
312 |         } catch is CancellationError {
313 |             stopTimeoutTimer()
314 |             await resetToIdle()
    |             `- error: no 'async' operations occur within 'await' expression
315 |             throw CancellationError()
316 |         } catch let error as OrganizationError where error == .cancelled {

/Users/shirishpothi/Downloads/File Organiser/FileOrganizer/Organizer/FolderOrganizer.swift:318:13: error: no 'async' operations occur within 'await' expression
316 |         } catch let error as OrganizationError where error == .cancelled {
317 |             stopTimeoutTimer()
318 |             await resetToIdle()
    |             `- error: no 'async' operations occur within 'await' expression
319 |             throw CancellationError()
320 |         } catch {

/Users/shirishpothi/Downloads/File Organiser/FileOrganizer/Organizer/FolderOrganizer.swift:421:13: error: no 'async' operations occur within 'await' expression
419 |             try await currentTask?.value
420 |         } catch is CancellationError {
421 |             await resetToIdle()
    |             `- error: no 'async' operations occur within 'await' expression
422 |         }
423 |     }
[29/65] Compiling FileOrganizerLib DebugLogger.swift
[30/65] Compiling FileOrganizerLib ExtensionListener.swift
[31/65] Compiling FileOrganizerLib Extensions.swift
[32/65] Compiling FileOrganizerLib KeychainManager.swift
[33/65] Compiling FileOrganizerLib SettingsViewModel.swift
[34/65] Compiling FileOrganizerLib AnalysisView.swift
[35/65] Compiling FileOrganizerLib AppCommands.swift
[36/65] Compiling FileOrganizerLib CanvasPreviewView.swift
[37/65] Compiling FileOrganizerLib ContentView.swift
[38/65] Compiling FileOrganizerLib DirectorySelectionView.swift
[39/65] Compiling FileOrganizerLib DuplicatesView.swift
[40/65] Compiling FileOrganizerLib ExclusionRulesView.swift
[41/65] Compiling FileOrganizerLib AIClientFactory.swift
[42/65] Compiling FileOrganizerLib AIClientProtocol.swift
[43/65] Compiling FileOrganizerLib AppleFoundationModelClient.swift
[44/65] Compiling FileOrganizerLib OpenAIClient.swift
[45/65] Compiling FileOrganizerLib PromptBuilder.swift
[46/65] Compiling FileOrganizerLib ResponseParser.swift
[47/65] Compiling FileOrganizerLib SystemPrompt.swift
[48/65] Compiling FileOrganizerLib ContentAnalyzer.swift
[49/65] Compiling FileOrganizerLib DirectoryScanner.swift
[50/65] Compiling FileOrganizerLib DuplicateDetector.swift
[51/65] Compiling FileOrganizerLib FileSystemManager.swift
[52/65] Compiling FileOrganizerLib FolderWatcher.swift
[53/65] Compiling FileOrganizerLib SemanticDuplicateDetector.swift
[54/65] Compiling FileOrganizerLib VisionAnalyzer.swift
[55/65] Compiling FileOrganizerLib PersonaPickerView.swift
[56/65] Compiling FileOrganizerLib PreviewView.swift
[57/65] Compiling FileOrganizerLib SettingsView.swift
[58/65] Compiling FileOrganizerLib TimelineView.swift
[59/65] Compiling FileOrganizerLib WatchedFoldersView.swift
[60/65] Compiling FileOrganizerLib WorkspaceHealthView.swift
error: fatalError
